::1 - - [16/May/2022:15:48:38 +0000] "GET /help HTTP/1.1" 200 3633 "http://localhost:3000/contact" "Mozilla/5.0 (Macintosh; Intel Mac OS X 10_15_7) AppleWebKit/537.36 (KHTML, like Gecko) Chrome/101.0.4951.64 Safari/537.36"
::1 - - [16/May/2022:15:48:39 +0000] "GET /contact HTTP/1.1" 200 5510 "http://localhost:3000/help" "Mozilla/5.0 (Macintosh; Intel Mac OS X 10_15_7) AppleWebKit/537.36 (KHTML, like Gecko) Chrome/101.0.4951.64 Safari/537.36"
::1 - - [16/May/2022:15:48:54 +0000] "GET /annotation HTTP/1.1" 200 4267 "http://localhost:3000/contact" "Mozilla/5.0 (Macintosh; Intel Mac OS X 10_15_7) AppleWebKit/537.36 (KHTML, like Gecko) Chrome/101.0.4951.64 Safari/537.36"
::1 - - [16/May/2022:15:49:03 +0000] "POST /annotation/upload HTTP/1.1" 200 5186 "http://localhost:3000/annotation" "Mozilla/5.0 (Macintosh; Intel Mac OS X 10_15_7) AppleWebKit/537.36 (KHTML, like Gecko) Chrome/101.0.4951.64 Safari/537.36"
::1 - - [16/May/2022:16:03:14 +0000] "GET /help HTTP/1.1" 200 3633 "http://localhost:3000/annotation/upload" "Mozilla/5.0 (Macintosh; Intel Mac OS X 10_15_7) AppleWebKit/537.36 (KHTML, like Gecko) Chrome/101.0.4951.64 Safari/537.36"
::1 - - [16/May/2022:16:03:15 +0000] "GET /annotation HTTP/1.1" 200 4267 "http://localhost:3000/help" "Mozilla/5.0 (Macintosh; Intel Mac OS X 10_15_7) AppleWebKit/537.36 (KHTML, like Gecko) Chrome/101.0.4951.64 Safari/537.36"
::1 - - [16/May/2022:16:03:16 +0000] "GET /datasets HTTP/1.1" 200 4589 "http://localhost:3000/annotation" "Mozilla/5.0 (Macintosh; Intel Mac OS X 10_15_7) AppleWebKit/537.36 (KHTML, like Gecko) Chrome/101.0.4951.64 Safari/537.36"
::1 - - [16/May/2022:16:03:17 +0000] "GET /annotation HTTP/1.1" 200 4267 "http://localhost:3000/datasets" "Mozilla/5.0 (Macintosh; Intel Mac OS X 10_15_7) AppleWebKit/537.36 (KHTML, like Gecko) Chrome/101.0.4951.64 Safari/537.36"
::1 - - [16/May/2022:16:04:17 +0000] "GET / HTTP/1.1" 200 8635 "-" "Mozilla/5.0 (Macintosh; Intel Mac OS X 10_15_7) AppleWebKit/605.1.15 (KHTML, like Gecko) Version/15.4 Safari/605.1.15"
::1 - - [16/May/2022:16:05:17 +0000] "GET / HTTP/1.1" 200 8635 "-" "Mozilla/5.0 (Macintosh; Intel Mac OS X 10_15_7) AppleWebKit/605.1.15 (KHTML, like Gecko) Version/15.4 Safari/605.1.15"
::ffff:127.0.0.1 - - [16/May/2022:16:06:43 +0000] "GET / HTTP/1.1" 200 8635 "-" "Mozilla/5.0 (Macintosh; Intel Mac OS X 10.15; rv:91.0) Gecko/20100101 Firefox/91.0"
::ffff:127.0.0.1 - - [16/May/2022:16:06:46 +0000] "GET / HTTP/1.1" 200 8635 "-" "Mozilla/5.0 (Macintosh; Intel Mac OS X 10.15; rv:91.0) Gecko/20100101 Firefox/91.0"
::ffff:127.0.0.1 - - [16/May/2022:16:07:41 +0000] "GET / HTTP/1.1" 200 8635 "-" "Mozilla/5.0 (Macintosh; Intel Mac OS X 10.15; rv:91.0) Gecko/20100101 Firefox/91.0"
::ffff:127.0.0.1 - - [16/May/2022:16:08:21 +0000] "GET /datasets HTTP/1.1" 200 4589 "http://localhost:3000/" "Mozilla/5.0 (Macintosh; Intel Mac OS X 10.15; rv:91.0) Gecko/20100101 Firefox/91.0"
::1 - - [16/May/2022:16:08:40 +0000] "GET / HTTP/1.1" 200 8635 "-" "Mozilla/5.0 (Macintosh; Intel Mac OS X 10_15_7) AppleWebKit/537.36 (KHTML, like Gecko) Chrome/101.0.4951.64 Safari/537.36"
::1 - - [16/May/2022:16:08:44 +0000] "GET /contact HTTP/1.1" 200 5510 "http://localhost:3000/" "Mozilla/5.0 (Macintosh; Intel Mac OS X 10_15_7) AppleWebKit/537.36 (KHTML, like Gecko) Chrome/101.0.4951.64 Safari/537.36"
::1 - - [16/May/2022:16:08:45 +0000] "GET /datasets HTTP/1.1" 200 4589 "http://localhost:3000/contact" "Mozilla/5.0 (Macintosh; Intel Mac OS X 10_15_7) AppleWebKit/537.36 (KHTML, like Gecko) Chrome/101.0.4951.64 Safari/537.36"
::1 - - [16/May/2022:16:08:47 +0000] "GET /slideseq HTTP/1.1" 200 5764 "http://localhost:3000/datasets" "Mozilla/5.0 (Macintosh; Intel Mac OS X 10_15_7) AppleWebKit/537.36 (KHTML, like Gecko) Chrome/101.0.4951.64 Safari/537.36"
::1 - - [18/May/2022:06:48:54 +0000] "GET / HTTP/1.1" 200 8635 "-" "Mozilla/5.0 (Macintosh; Intel Mac OS X 10_15_7) AppleWebKit/537.36 (KHTML, like Gecko) Chrome/101.0.4951.64 Safari/537.36"
::1 - - [18/May/2022:06:49:41 +0000] "GET /annotation HTTP/1.1" 200 4267 "http://localhost:3000/" "Mozilla/5.0 (Macintosh; Intel Mac OS X 10_15_7) AppleWebKit/537.36 (KHTML, like Gecko) Chrome/101.0.4951.64 Safari/537.36"
::1 - - [18/May/2022:06:49:43 +0000] "GET /datasets HTTP/1.1" 200 4589 "http://localhost:3000/annotation" "Mozilla/5.0 (Macintosh; Intel Mac OS X 10_15_7) AppleWebKit/537.36 (KHTML, like Gecko) Chrome/101.0.4951.64 Safari/537.36"
::1 - - [18/May/2022:06:49:46 +0000] "GET /vitessce HTTP/1.1" 200 7688 "http://localhost:3000/datasets" "Mozilla/5.0 (Macintosh; Intel Mac OS X 10_15_7) AppleWebKit/537.36 (KHTML, like Gecko) Chrome/101.0.4951.64 Safari/537.36"
::1 - - [18/May/2022:06:50:26 +0000] "GET /annotation HTTP/1.1" 200 4267 "http://localhost:3000/vitessce" "Mozilla/5.0 (Macintosh; Intel Mac OS X 10_15_7) AppleWebKit/537.36 (KHTML, like Gecko) Chrome/101.0.4951.64 Safari/537.36"
::1 - - [18/May/2022:06:50:43 +0000] "GET /datasets HTTP/1.1" 200 4589 "http://localhost:3000/annotation" "Mozilla/5.0 (Macintosh; Intel Mac OS X 10_15_7) AppleWebKit/537.36 (KHTML, like Gecko) Chrome/101.0.4951.64 Safari/537.36"
::1 - - [18/May/2022:06:50:44 +0000] "GET /annotation HTTP/1.1" 200 4267 "http://localhost:3000/datasets" "Mozilla/5.0 (Macintosh; Intel Mac OS X 10_15_7) AppleWebKit/537.36 (KHTML, like Gecko) Chrome/101.0.4951.64 Safari/537.36"
::1 - - [18/May/2022:06:55:10 +0000] "GET /help HTTP/1.1" 200 3633 "http://localhost:3000/annotation" "Mozilla/5.0 (Macintosh; Intel Mac OS X 10_15_7) AppleWebKit/537.36 (KHTML, like Gecko) Chrome/101.0.4951.64 Safari/537.36"
::1 - - [18/May/2022:06:55:17 +0000] "GET /annotation HTTP/1.1" 200 4267 "http://localhost:3000/help" "Mozilla/5.0 (Macintosh; Intel Mac OS X 10_15_7) AppleWebKit/537.36 (KHTML, like Gecko) Chrome/101.0.4951.64 Safari/537.36"
::1 - - [18/May/2022:06:55:21 +0000] "GET /help HTTP/1.1" 200 3633 "http://localhost:3000/annotation" "Mozilla/5.0 (Macintosh; Intel Mac OS X 10_15_7) AppleWebKit/537.36 (KHTML, like Gecko) Chrome/101.0.4951.64 Safari/537.36"
::1 - - [18/May/2022:06:55:34 +0000] "GET / HTTP/1.1" 200 8635 "-" "Mozilla/5.0 (Macintosh; Intel Mac OS X 10_15_7) AppleWebKit/537.36 (KHTML, like Gecko) Chrome/101.0.4951.64 Safari/537.36"
::1 - - [18/May/2022:06:55:35 +0000] "GET /annotation HTTP/1.1" 200 4267 "http://localhost:3000/" "Mozilla/5.0 (Macintosh; Intel Mac OS X 10_15_7) AppleWebKit/537.36 (KHTML, like Gecko) Chrome/101.0.4951.64 Safari/537.36"
::1 - - [18/May/2022:06:55:39 +0000] "GET /help HTTP/1.1" 200 3633 "http://localhost:3000/annotation" "Mozilla/5.0 (Macintosh; Intel Mac OS X 10_15_7) AppleWebKit/537.36 (KHTML, like Gecko) Chrome/101.0.4951.64 Safari/537.36"
::1 - - [18/May/2022:06:55:40 +0000] "GET /annotation HTTP/1.1" 200 4267 "http://localhost:3000/help" "Mozilla/5.0 (Macintosh; Intel Mac OS X 10_15_7) AppleWebKit/537.36 (KHTML, like Gecko) Chrome/101.0.4951.64 Safari/537.36"
::1 - - [18/May/2022:06:55:46 +0000] "GET /annotation HTTP/1.1" 200 4267 "http://localhost:3000/help" "Mozilla/5.0 (Macintosh; Intel Mac OS X 10_15_7) AppleWebKit/537.36 (KHTML, like Gecko) Chrome/101.0.4951.64 Safari/537.36"
::1 - - [18/May/2022:08:00:03 +0000] "GET /annotation HTTP/1.1" 200 4267 "http://localhost:3000/annotation" "Mozilla/5.0 (Macintosh; Intel Mac OS X 10_15_7) AppleWebKit/537.36 (KHTML, like Gecko) Chrome/101.0.4951.64 Safari/537.36"
::1 - - [18/May/2022:08:00:03 +0000] "GET /help HTTP/1.1" 200 3633 "http://localhost:3000/annotation" "Mozilla/5.0 (Macintosh; Intel Mac OS X 10_15_7) AppleWebKit/537.36 (KHTML, like Gecko) Chrome/101.0.4951.64 Safari/537.36"
::1 - - [18/May/2022:08:00:04 +0000] "GET /annotation HTTP/1.1" 200 4267 "http://localhost:3000/help" "Mozilla/5.0 (Macintosh; Intel Mac OS X 10_15_7) AppleWebKit/537.36 (KHTML, like Gecko) Chrome/101.0.4951.64 Safari/537.36"
::1 - - [18/May/2022:08:00:09 +0000] "GET /datasets HTTP/1.1" 200 4589 "http://localhost:3000/annotation" "Mozilla/5.0 (Macintosh; Intel Mac OS X 10_15_7) AppleWebKit/537.36 (KHTML, like Gecko) Chrome/101.0.4951.64 Safari/537.36"
::1 - - [18/May/2022:08:00:19 +0000] "GET /annotation HTTP/1.1" 200 4267 "http://localhost:3000/datasets" "Mozilla/5.0 (Macintosh; Intel Mac OS X 10_15_7) AppleWebKit/537.36 (KHTML, like Gecko) Chrome/101.0.4951.64 Safari/537.36"
::1 - - [18/May/2022:08:16:54 +0000] "GET /help HTTP/1.1" 200 3633 "http://localhost:3000/annotation" "Mozilla/5.0 (Macintosh; Intel Mac OS X 10_15_7) AppleWebKit/537.36 (KHTML, like Gecko) Chrome/101.0.4951.64 Safari/537.36"
::1 - - [18/May/2022:08:16:55 +0000] "GET /annotation HTTP/1.1" 200 4267 "http://localhost:3000/help" "Mozilla/5.0 (Macintosh; Intel Mac OS X 10_15_7) AppleWebKit/537.36 (KHTML, like Gecko) Chrome/101.0.4951.64 Safari/537.36"
::1 - - [18/May/2022:08:17:00 +0000] "GET /help HTTP/1.1" 200 3633 "http://localhost:3000/annotation" "Mozilla/5.0 (Macintosh; Intel Mac OS X 10_15_7) AppleWebKit/537.36 (KHTML, like Gecko) Chrome/101.0.4951.64 Safari/537.36"
::1 - - [18/May/2022:08:17:00 +0000] "GET /annotation HTTP/1.1" 200 4267 "http://localhost:3000/help" "Mozilla/5.0 (Macintosh; Intel Mac OS X 10_15_7) AppleWebKit/537.36 (KHTML, like Gecko) Chrome/101.0.4951.64 Safari/537.36"
::1 - - [18/May/2022:08:17:17 +0000] "POST /annotation/upload HTTP/1.1" 200 5188 "http://localhost:3000/annotation" "Mozilla/5.0 (Macintosh; Intel Mac OS X 10_15_7) AppleWebKit/537.36 (KHTML, like Gecko) Chrome/101.0.4951.64 Safari/537.36"
::1 - - [18/May/2022:08:25:28 +0000] "GET /help HTTP/1.1" 200 3633 "http://localhost:3000/annotation/upload" "Mozilla/5.0 (Macintosh; Intel Mac OS X 10_15_7) AppleWebKit/537.36 (KHTML, like Gecko) Chrome/101.0.4951.64 Safari/537.36"
::1 - - [18/May/2022:08:25:29 +0000] "GET /annotation HTTP/1.1" 200 4267 "http://localhost:3000/help" "Mozilla/5.0 (Macintosh; Intel Mac OS X 10_15_7) AppleWebKit/537.36 (KHTML, like Gecko) Chrome/101.0.4951.64 Safari/537.36"
::1 - - [18/May/2022:08:25:41 +0000] "POST /annotation/upload HTTP/1.1" 200 5184 "http://localhost:3000/annotation" "Mozilla/5.0 (Macintosh; Intel Mac OS X 10_15_7) AppleWebKit/537.36 (KHTML, like Gecko) Chrome/101.0.4951.64 Safari/537.36"
::1 - - [18/May/2022:08:27:38 +0000] "POST /annotation/upload HTTP/1.1" 200 5179 "http://localhost:3000/annotation" "Mozilla/5.0 (Macintosh; Intel Mac OS X 10_15_7) AppleWebKit/537.36 (KHTML, like Gecko) Chrome/101.0.4951.64 Safari/537.36"
::1 - - [18/May/2022:08:28:40 +0000] "POST /annotation/upload HTTP/1.1" 200 5226 "http://localhost:3000/annotation" "Mozilla/5.0 (Macintosh; Intel Mac OS X 10_15_7) AppleWebKit/537.36 (KHTML, like Gecko) Chrome/101.0.4951.64 Safari/537.36"
::1 - - [18/May/2022:08:30:10 +0000] "POST /annotation/upload HTTP/1.1" 200 5203 "http://localhost:3000/annotation" "Mozilla/5.0 (Macintosh; Intel Mac OS X 10_15_7) AppleWebKit/537.36 (KHTML, like Gecko) Chrome/101.0.4951.64 Safari/537.36"
::1 - - [18/May/2022:08:30:37 +0000] "POST /annotation/upload HTTP/1.1" 200 5203 "http://localhost:3000/annotation" "Mozilla/5.0 (Macintosh; Intel Mac OS X 10_15_7) AppleWebKit/537.36 (KHTML, like Gecko) Chrome/101.0.4951.64 Safari/537.36"
::1 - - [18/May/2022:08:30:45 +0000] "POST /annotation/upload HTTP/1.1" 200 5203 "http://localhost:3000/annotation" "Mozilla/5.0 (Macintosh; Intel Mac OS X 10_15_7) AppleWebKit/537.36 (KHTML, like Gecko) Chrome/101.0.4951.64 Safari/537.36"
::1 - - [18/May/2022:08:30:47 +0000] "GET /datasets HTTP/1.1" 200 4589 "http://localhost:3000/annotation/upload" "Mozilla/5.0 (Macintosh; Intel Mac OS X 10_15_7) AppleWebKit/537.36 (KHTML, like Gecko) Chrome/101.0.4951.64 Safari/537.36"
::1 - - [18/May/2022:08:30:48 +0000] "GET /annotation HTTP/1.1" 200 4267 "http://localhost:3000/datasets" "Mozilla/5.0 (Macintosh; Intel Mac OS X 10_15_7) AppleWebKit/537.36 (KHTML, like Gecko) Chrome/101.0.4951.64 Safari/537.36"
::1 - - [18/May/2022:08:30:56 +0000] "POST /annotation/upload HTTP/1.1" 200 5203 "http://localhost:3000/annotation" "Mozilla/5.0 (Macintosh; Intel Mac OS X 10_15_7) AppleWebKit/537.36 (KHTML, like Gecko) Chrome/101.0.4951.64 Safari/537.36"
::1 - - [18/May/2022:08:31:29 +0000] "POST /annotation/upload HTTP/1.1" 200 5203 "http://localhost:3000/annotation" "Mozilla/5.0 (Macintosh; Intel Mac OS X 10_15_7) AppleWebKit/537.36 (KHTML, like Gecko) Chrome/101.0.4951.64 Safari/537.36"
::1 - - [18/May/2022:08:31:37 +0000] "GET /datasets HTTP/1.1" 200 4589 "http://localhost:3000/annotation/upload" "Mozilla/5.0 (Macintosh; Intel Mac OS X 10_15_7) AppleWebKit/537.36 (KHTML, like Gecko) Chrome/101.0.4951.64 Safari/537.36"
::1 - - [18/May/2022:08:31:38 +0000] "GET /annotation HTTP/1.1" 200 4267 "http://localhost:3000/datasets" "Mozilla/5.0 (Macintosh; Intel Mac OS X 10_15_7) AppleWebKit/537.36 (KHTML, like Gecko) Chrome/101.0.4951.64 Safari/537.36"
::1 - - [18/May/2022:08:31:49 +0000] "POST /annotation/upload HTTP/1.1" 200 5229 "http://localhost:3000/annotation" "Mozilla/5.0 (Macintosh; Intel Mac OS X 10_15_7) AppleWebKit/537.36 (KHTML, like Gecko) Chrome/101.0.4951.64 Safari/537.36"
::1 - - [18/May/2022:09:09:02 +0000] "POST /annotation/upload HTTP/1.1" 200 5229 "http://localhost:3000/annotation" "Mozilla/5.0 (Macintosh; Intel Mac OS X 10_15_7) AppleWebKit/537.36 (KHTML, like Gecko) Chrome/101.0.4951.64 Safari/537.36"
::1 - - [18/May/2022:09:09:11 +0000] "GET /annotation HTTP/1.1" 200 4267 "http://localhost:3000/annotation/upload" "Mozilla/5.0 (Macintosh; Intel Mac OS X 10_15_7) AppleWebKit/537.36 (KHTML, like Gecko) Chrome/101.0.4951.64 Safari/537.36"
::1 - - [18/May/2022:09:09:19 +0000] "POST /annotation/upload HTTP/1.1" 200 5227 "http://localhost:3000/annotation" "Mozilla/5.0 (Macintosh; Intel Mac OS X 10_15_7) AppleWebKit/537.36 (KHTML, like Gecko) Chrome/101.0.4951.64 Safari/537.36"
::1 - - [18/May/2022:09:09:45 +0000] "POST /annotation/upload HTTP/1.1" 500 21 "http://localhost:3000/annotation" "Mozilla/5.0 (Macintosh; Intel Mac OS X 10_15_7) AppleWebKit/537.36 (KHTML, like Gecko) Chrome/101.0.4951.64 Safari/537.36"
::1 - - [18/May/2022:09:10:50 +0000] "POST /annotation/upload HTTP/1.1" 500 21 "http://localhost:3000/annotation" "Mozilla/5.0 (Macintosh; Intel Mac OS X 10_15_7) AppleWebKit/537.36 (KHTML, like Gecko) Chrome/101.0.4951.64 Safari/537.36"
::1 - - [18/May/2022:09:33:07 +0000] "POST /annotation/upload HTTP/1.1" 500 21 "http://localhost:3000/annotation" "Mozilla/5.0 (Macintosh; Intel Mac OS X 10_15_7) AppleWebKit/537.36 (KHTML, like Gecko) Chrome/101.0.4951.64 Safari/537.36"
::1 - - [18/May/2022:09:35:34 +0000] "POST /annotation/upload HTTP/1.1" 200 5227 "http://localhost:3000/annotation" "Mozilla/5.0 (Macintosh; Intel Mac OS X 10_15_7) AppleWebKit/537.36 (KHTML, like Gecko) Chrome/101.0.4951.64 Safari/537.36"
::1 - - [18/May/2022:09:36:50 +0000] "POST /annotation/upload HTTP/1.1" 200 5227 "http://localhost:3000/annotation" "Mozilla/5.0 (Macintosh; Intel Mac OS X 10_15_7) AppleWebKit/537.36 (KHTML, like Gecko) Chrome/101.0.4951.64 Safari/537.36"
::1 - - [18/May/2022:09:39:02 +0000] "POST /annotation/upload HTTP/1.1" 200 5227 "http://localhost:3000/annotation" "Mozilla/5.0 (Macintosh; Intel Mac OS X 10_15_7) AppleWebKit/537.36 (KHTML, like Gecko) Chrome/101.0.4951.64 Safari/537.36"
::1 - - [18/May/2022:09:40:25 +0000] "POST /annotation/upload HTTP/1.1" 200 5227 "http://localhost:3000/annotation" "Mozilla/5.0 (Macintosh; Intel Mac OS X 10_15_7) AppleWebKit/537.36 (KHTML, like Gecko) Chrome/101.0.4951.64 Safari/537.36"
::1 - - [18/May/2022:09:40:43 +0000] "POST /annotation/upload HTTP/1.1" 200 5227 "http://localhost:3000/annotation" "Mozilla/5.0 (Macintosh; Intel Mac OS X 10_15_7) AppleWebKit/537.36 (KHTML, like Gecko) Chrome/101.0.4951.64 Safari/537.36"
::1 - - [18/May/2022:09:41:52 +0000] "POST /annotation/upload HTTP/1.1" 200 5227 "http://localhost:3000/annotation" "Mozilla/5.0 (Macintosh; Intel Mac OS X 10_15_7) AppleWebKit/537.36 (KHTML, like Gecko) Chrome/101.0.4951.64 Safari/537.36"
::1 - - [18/May/2022:10:07:33 +0000] "POST /annotation/upload HTTP/1.1" 200 5227 "http://localhost:3000/annotation" "Mozilla/5.0 (Macintosh; Intel Mac OS X 10_15_7) AppleWebKit/537.36 (KHTML, like Gecko) Chrome/101.0.4951.64 Safari/537.36"
::1 - - [18/May/2022:11:08:26 +0000] "POST /annotation/upload HTTP/1.1" 200 5227 "http://localhost:3000/annotation" "Mozilla/5.0 (Macintosh; Intel Mac OS X 10_15_7) AppleWebKit/537.36 (KHTML, like Gecko) Chrome/101.0.4951.64 Safari/537.36"
::1 - - [19/May/2022:03:51:01 +0000] "GET / HTTP/1.1" 200 8635 "-" "Mozilla/5.0 (Macintosh; Intel Mac OS X 10_15_7) AppleWebKit/605.1.15 (KHTML, like Gecko) Version/15.4 Safari/605.1.15"
::1 - - [19/May/2022:03:51:27 +0000] "GET / HTTP/1.1" 200 8635 "-" "Mozilla/5.0 (Macintosh; Intel Mac OS X 10_15_7) AppleWebKit/537.36 (KHTML, like Gecko) Chrome/101.0.4951.64 Safari/537.36"
::1 - - [19/May/2022:03:51:29 +0000] "GET /annotation HTTP/1.1" 200 4267 "http://localhost:3000/" "Mozilla/5.0 (Macintosh; Intel Mac OS X 10_15_7) AppleWebKit/537.36 (KHTML, like Gecko) Chrome/101.0.4951.64 Safari/537.36"
::1 - - [19/May/2022:03:51:39 +0000] "POST /annotation/upload HTTP/1.1" 200 5227 "http://localhost:3000/annotation" "Mozilla/5.0 (Macintosh; Intel Mac OS X 10_15_7) AppleWebKit/537.36 (KHTML, like Gecko) Chrome/101.0.4951.64 Safari/537.36"
::1 - - [19/May/2022:07:38:54 +0000] "GET /help HTTP/1.1" 200 3633 "http://localhost:3000/annotation/upload" "Mozilla/5.0 (Macintosh; Intel Mac OS X 10_15_7) AppleWebKit/537.36 (KHTML, like Gecko) Chrome/101.0.4951.64 Safari/537.36"
::1 - - [19/May/2022:07:38:56 +0000] "GET /annotation HTTP/1.1" 200 4267 "http://localhost:3000/help" "Mozilla/5.0 (Macintosh; Intel Mac OS X 10_15_7) AppleWebKit/537.36 (KHTML, like Gecko) Chrome/101.0.4951.64 Safari/537.36"
::1 - - [19/May/2022:07:38:56 +0000] "GET /contact HTTP/1.1" 200 5510 "http://localhost:3000/annotation" "Mozilla/5.0 (Macintosh; Intel Mac OS X 10_15_7) AppleWebKit/537.36 (KHTML, like Gecko) Chrome/101.0.4951.64 Safari/537.36"
::1 - - [19/May/2022:07:38:57 +0000] "GET /help HTTP/1.1" 200 3633 "http://localhost:3000/contact" "Mozilla/5.0 (Macintosh; Intel Mac OS X 10_15_7) AppleWebKit/537.36 (KHTML, like Gecko) Chrome/101.0.4951.64 Safari/537.36"
::1 - - [19/May/2022:07:38:58 +0000] "GET /datasets HTTP/1.1" 200 4589 "http://localhost:3000/help" "Mozilla/5.0 (Macintosh; Intel Mac OS X 10_15_7) AppleWebKit/537.36 (KHTML, like Gecko) Chrome/101.0.4951.64 Safari/537.36"
::1 - - [19/May/2022:08:06:55 +0000] "GET /datasets HTTP/1.1" 200 4589 "http://localhost:3000/datasets" "Mozilla/5.0 (Macintosh; Intel Mac OS X 10_15_7) AppleWebKit/537.36 (KHTML, like Gecko) Chrome/101.0.4951.64 Safari/537.36"
::1 - - [19/May/2022:08:06:56 +0000] "GET /annotation HTTP/1.1" 200 4267 "http://localhost:3000/datasets" "Mozilla/5.0 (Macintosh; Intel Mac OS X 10_15_7) AppleWebKit/537.36 (KHTML, like Gecko) Chrome/101.0.4951.64 Safari/537.36"
::1 - - [19/May/2022:08:07:10 +0000] "POST /annotation/upload HTTP/1.1" 500 21 "http://localhost:3000/annotation" "Mozilla/5.0 (Macintosh; Intel Mac OS X 10_15_7) AppleWebKit/537.36 (KHTML, like Gecko) Chrome/101.0.4951.64 Safari/537.36"
::1 - - [19/May/2022:08:07:34 +0000] "POST /annotation/upload HTTP/1.1" 200 5230 "http://localhost:3000/annotation" "Mozilla/5.0 (Macintosh; Intel Mac OS X 10_15_7) AppleWebKit/537.36 (KHTML, like Gecko) Chrome/101.0.4951.64 Safari/537.36"
::1 - - [19/May/2022:08:08:33 +0000] "POST /annotation/upload HTTP/1.1" 200 5230 "http://localhost:3000/annotation" "Mozilla/5.0 (Macintosh; Intel Mac OS X 10_15_7) AppleWebKit/537.36 (KHTML, like Gecko) Chrome/101.0.4951.64 Safari/537.36"
::1 - - [19/May/2022:08:09:13 +0000] "POST /annotation/upload HTTP/1.1" 200 5230 "http://localhost:3000/annotation" "Mozilla/5.0 (Macintosh; Intel Mac OS X 10_15_7) AppleWebKit/537.36 (KHTML, like Gecko) Chrome/101.0.4951.64 Safari/537.36"
::1 - - [19/May/2022:08:09:48 +0000] "GET /help HTTP/1.1" 200 3633 "http://localhost:3000/annotation/upload" "Mozilla/5.0 (Macintosh; Intel Mac OS X 10_15_7) AppleWebKit/537.36 (KHTML, like Gecko) Chrome/101.0.4951.64 Safari/537.36"
::1 - - [19/May/2022:08:10:04 +0000] "GET /contact HTTP/1.1" 200 5510 "http://localhost:3000/help" "Mozilla/5.0 (Macintosh; Intel Mac OS X 10_15_7) AppleWebKit/537.36 (KHTML, like Gecko) Chrome/101.0.4951.64 Safari/537.36"
::1 - - [19/May/2022:08:10:07 +0000] "GET /datasets HTTP/1.1" 200 4589 "http://localhost:3000/contact" "Mozilla/5.0 (Macintosh; Intel Mac OS X 10_15_7) AppleWebKit/537.36 (KHTML, like Gecko) Chrome/101.0.4951.64 Safari/537.36"
::1 - - [19/May/2022:08:10:07 +0000] "GET /datasets HTTP/1.1" 200 4589 "http://localhost:3000/datasets" "Mozilla/5.0 (Macintosh; Intel Mac OS X 10_15_7) AppleWebKit/537.36 (KHTML, like Gecko) Chrome/101.0.4951.64 Safari/537.36"
::1 - - [19/May/2022:08:10:09 +0000] "GET / HTTP/1.1" 200 8635 "http://localhost:3000/datasets" "Mozilla/5.0 (Macintosh; Intel Mac OS X 10_15_7) AppleWebKit/537.36 (KHTML, like Gecko) Chrome/101.0.4951.64 Safari/537.36"
::1 - - [19/May/2022:08:10:36 +0000] "GET /datasets HTTP/1.1" 200 4589 "http://localhost:3000/" "Mozilla/5.0 (Macintosh; Intel Mac OS X 10_15_7) AppleWebKit/537.36 (KHTML, like Gecko) Chrome/101.0.4951.64 Safari/537.36"
::1 - - [19/May/2022:08:10:38 +0000] "GET /vitessce HTTP/1.1" 200 7688 "http://localhost:3000/datasets" "Mozilla/5.0 (Macintosh; Intel Mac OS X 10_15_7) AppleWebKit/537.36 (KHTML, like Gecko) Chrome/101.0.4951.64 Safari/537.36"
::1 - - [19/May/2022:12:16:48 +0000] "GET / HTTP/1.1" 200 8635 "-" "Mozilla/5.0 (Macintosh; Intel Mac OS X 10_15_7) AppleWebKit/537.36 (KHTML, like Gecko) Chrome/101.0.4951.64 Safari/537.36"
::1 - - [19/May/2022:12:16:50 +0000] "GET /annotation HTTP/1.1" 200 4267 "http://localhost:3000/" "Mozilla/5.0 (Macintosh; Intel Mac OS X 10_15_7) AppleWebKit/537.36 (KHTML, like Gecko) Chrome/101.0.4951.64 Safari/537.36"
::1 - - [19/May/2022:12:16:58 +0000] "POST /annotation/upload HTTP/1.1" 200 5228 "http://localhost:3000/annotation" "Mozilla/5.0 (Macintosh; Intel Mac OS X 10_15_7) AppleWebKit/537.36 (KHTML, like Gecko) Chrome/101.0.4951.64 Safari/537.36"
::1 - - [19/May/2022:12:17:55 +0000] "POST /annotation/upload HTTP/1.1" 200 5228 "http://localhost:3000/annotation" "Mozilla/5.0 (Macintosh; Intel Mac OS X 10_15_7) AppleWebKit/537.36 (KHTML, like Gecko) Chrome/101.0.4951.64 Safari/537.36"
::1 - - [19/May/2022:12:21:05 +0000] "POST /annotation/upload HTTP/1.1" 200 5228 "http://localhost:3000/annotation" "Mozilla/5.0 (Macintosh; Intel Mac OS X 10_15_7) AppleWebKit/537.36 (KHTML, like Gecko) Chrome/101.0.4951.64 Safari/537.36"
::1 - - [19/May/2022:12:23:32 +0000] "GET /help HTTP/1.1" 200 3633 "http://localhost:3000/annotation/upload" "Mozilla/5.0 (Macintosh; Intel Mac OS X 10_15_7) AppleWebKit/537.36 (KHTML, like Gecko) Chrome/101.0.4951.64 Safari/537.36"
::1 - - [19/May/2022:12:23:33 +0000] "GET /annotation HTTP/1.1" 200 4267 "http://localhost:3000/help" "Mozilla/5.0 (Macintosh; Intel Mac OS X 10_15_7) AppleWebKit/537.36 (KHTML, like Gecko) Chrome/101.0.4951.64 Safari/537.36"
::1 - - [19/May/2022:12:23:37 +0000] "GET /datasets HTTP/1.1" 200 4589 "http://localhost:3000/annotation" "Mozilla/5.0 (Macintosh; Intel Mac OS X 10_15_7) AppleWebKit/537.36 (KHTML, like Gecko) Chrome/101.0.4951.64 Safari/537.36"
::1 - - [19/May/2022:12:23:41 +0000] "GET /vitessce HTTP/1.1" 200 7688 "http://localhost:3000/datasets" "Mozilla/5.0 (Macintosh; Intel Mac OS X 10_15_7) AppleWebKit/537.36 (KHTML, like Gecko) Chrome/101.0.4951.64 Safari/537.36"
::1 - - [24/May/2022:12:28:57 +0000] "GET / HTTP/1.1" 200 8635 "-" "Mozilla/5.0 (Macintosh; Intel Mac OS X 10_15_7) AppleWebKit/605.1.15 (KHTML, like Gecko) Version/15.4 Safari/605.1.15"
::1 - - [24/May/2022:12:29:26 +0000] "GET / HTTP/1.1" 200 8635 "-" "Mozilla/5.0 (Macintosh; Intel Mac OS X 10_15_7) AppleWebKit/537.36 (KHTML, like Gecko) Chrome/101.0.4951.64 Safari/537.36"
::1 - - [24/May/2022:12:29:27 +0000] "GET /favicon.ico HTTP/1.1" 404 9 "http://localhost:3000/" "Mozilla/5.0 (Macintosh; Intel Mac OS X 10_15_7) AppleWebKit/537.36 (KHTML, like Gecko) Chrome/101.0.4951.64 Safari/537.36"
::1 - - [24/May/2022:12:29:34 +0000] "GET /datasets HTTP/1.1" 200 4589 "http://localhost:3000/" "Mozilla/5.0 (Macintosh; Intel Mac OS X 10_15_7) AppleWebKit/537.36 (KHTML, like Gecko) Chrome/101.0.4951.64 Safari/537.36"
::1 - - [24/May/2022:12:29:34 +0000] "GET /annotation HTTP/1.1" 200 4267 "http://localhost:3000/datasets" "Mozilla/5.0 (Macintosh; Intel Mac OS X 10_15_7) AppleWebKit/537.36 (KHTML, like Gecko) Chrome/101.0.4951.64 Safari/537.36"
::1 - - [24/May/2022:12:29:36 +0000] "GET /help HTTP/1.1" 200 3633 "http://localhost:3000/annotation" "Mozilla/5.0 (Macintosh; Intel Mac OS X 10_15_7) AppleWebKit/537.36 (KHTML, like Gecko) Chrome/101.0.4951.64 Safari/537.36"
::1 - - [24/May/2022:12:29:37 +0000] "GET /contact HTTP/1.1" 200 5510 "http://localhost:3000/help" "Mozilla/5.0 (Macintosh; Intel Mac OS X 10_15_7) AppleWebKit/537.36 (KHTML, like Gecko) Chrome/101.0.4951.64 Safari/537.36"
::1 - - [24/May/2022:12:29:41 +0000] "GET /annotation HTTP/1.1" 200 4267 "http://localhost:3000/contact" "Mozilla/5.0 (Macintosh; Intel Mac OS X 10_15_7) AppleWebKit/537.36 (KHTML, like Gecko) Chrome/101.0.4951.64 Safari/537.36"
::1 - - [24/May/2022:16:12:15 +0000] "GET / HTTP/1.1" 200 8635 "-" "Mozilla/5.0 (Macintosh; Intel Mac OS X 10_15_7) AppleWebKit/605.1.15 (KHTML, like Gecko) Version/15.4 Safari/605.1.15"
::1 - - [24/May/2022:16:12:22 +0000] "GET / HTTP/1.1" 200 8635 "-" "Mozilla/5.0 (Macintosh; Intel Mac OS X 10_15_7) AppleWebKit/537.36 (KHTML, like Gecko) Chrome/101.0.4951.64 Safari/537.36"
::1 - - [24/May/2022:16:12:23 +0000] "GET /favicon.ico HTTP/1.1" 404 9 "http://localhost:3000/" "Mozilla/5.0 (Macintosh; Intel Mac OS X 10_15_7) AppleWebKit/537.36 (KHTML, like Gecko) Chrome/101.0.4951.64 Safari/537.36"
::1 - - [24/May/2022:16:13:55 +0000] "GET /vitessce HTTP/1.1" 200 7688 "http://localhost:3000/" "Mozilla/5.0 (Macintosh; Intel Mac OS X 10_15_7) AppleWebKit/537.36 (KHTML, like Gecko) Chrome/101.0.4951.64 Safari/537.36"
::1 - - [24/May/2022:16:14:01 +0000] "GET / HTTP/1.1" 200 8633 "http://localhost:3000/vitessce" "Mozilla/5.0 (Macintosh; Intel Mac OS X 10_15_7) AppleWebKit/537.36 (KHTML, like Gecko) Chrome/101.0.4951.64 Safari/537.36"
::1 - - [24/May/2022:16:15:10 +0000] "GET / HTTP/1.1" 200 8633 "http://localhost:3000/vitessce" "Mozilla/5.0 (Macintosh; Intel Mac OS X 10_15_7) AppleWebKit/537.36 (KHTML, like Gecko) Chrome/101.0.4951.64 Safari/537.36"
::1 - - [24/May/2022:16:15:16 +0000] "GET /datasets HTTP/1.1" 200 4589 "http://localhost:3000/" "Mozilla/5.0 (Macintosh; Intel Mac OS X 10_15_7) AppleWebKit/537.36 (KHTML, like Gecko) Chrome/101.0.4951.64 Safari/537.36"
::1 - - [24/May/2022:16:15:22 +0000] "GET /vitessce HTTP/1.1" 200 7688 "http://localhost:3000/datasets" "Mozilla/5.0 (Macintosh; Intel Mac OS X 10_15_7) AppleWebKit/537.36 (KHTML, like Gecko) Chrome/101.0.4951.64 Safari/537.36"
::1 - - [24/May/2022:16:15:42 +0000] "GET /vitessce HTTP/1.1" 200 7688 "http://localhost:3000/datasets" "Mozilla/5.0 (Macintosh; Intel Mac OS X 10_15_7) AppleWebKit/537.36 (KHTML, like Gecko) Chrome/101.0.4951.64 Safari/537.36"
::1 - - [24/May/2022:16:15:44 +0000] "GET / HTTP/1.1" 200 8633 "http://localhost:3000/vitessce" "Mozilla/5.0 (Macintosh; Intel Mac OS X 10_15_7) AppleWebKit/537.36 (KHTML, like Gecko) Chrome/101.0.4951.64 Safari/537.36"
::1 - - [24/May/2022:16:15:57 +0000] "GET / HTTP/1.1" 200 8633 "http://localhost:3000/vitessce" "Mozilla/5.0 (Macintosh; Intel Mac OS X 10_15_7) AppleWebKit/537.36 (KHTML, like Gecko) Chrome/101.0.4951.64 Safari/537.36"
::1 - - [24/May/2022:16:15:58 +0000] "GET / HTTP/1.1" 200 8633 "http://localhost:3000/vitessce" "Mozilla/5.0 (Macintosh; Intel Mac OS X 10_15_7) AppleWebKit/537.36 (KHTML, like Gecko) Chrome/101.0.4951.64 Safari/537.36"
::1 - - [24/May/2022:16:15:58 +0000] "GET / HTTP/1.1" 200 8633 "http://localhost:3000/vitessce" "Mozilla/5.0 (Macintosh; Intel Mac OS X 10_15_7) AppleWebKit/537.36 (KHTML, like Gecko) Chrome/101.0.4951.64 Safari/537.36"
::1 - - [24/May/2022:16:15:58 +0000] "GET / HTTP/1.1" 200 8633 "http://localhost:3000/vitessce" "Mozilla/5.0 (Macintosh; Intel Mac OS X 10_15_7) AppleWebKit/537.36 (KHTML, like Gecko) Chrome/101.0.4951.64 Safari/537.36"
::1 - - [24/May/2022:16:15:58 +0000] "GET / HTTP/1.1" 200 8633 "http://localhost:3000/vitessce" "Mozilla/5.0 (Macintosh; Intel Mac OS X 10_15_7) AppleWebKit/537.36 (KHTML, like Gecko) Chrome/101.0.4951.64 Safari/537.36"
::1 - - [24/May/2022:16:15:59 +0000] "GET / HTTP/1.1" 200 8633 "http://localhost:3000/" "Mozilla/5.0 (Macintosh; Intel Mac OS X 10_15_7) AppleWebKit/537.36 (KHTML, like Gecko) Chrome/101.0.4951.64 Safari/537.36"
::1 - - [24/May/2022:16:15:59 +0000] "GET /datasets HTTP/1.1" 200 4589 "http://localhost:3000/" "Mozilla/5.0 (Macintosh; Intel Mac OS X 10_15_7) AppleWebKit/537.36 (KHTML, like Gecko) Chrome/101.0.4951.64 Safari/537.36"
::1 - - [24/May/2022:16:16:00 +0000] "GET /annotation HTTP/1.1" 200 4267 "http://localhost:3000/datasets" "Mozilla/5.0 (Macintosh; Intel Mac OS X 10_15_7) AppleWebKit/537.36 (KHTML, like Gecko) Chrome/101.0.4951.64 Safari/537.36"
::1 - - [24/May/2022:16:16:01 +0000] "GET /datasets HTTP/1.1" 200 4589 "http://localhost:3000/annotation" "Mozilla/5.0 (Macintosh; Intel Mac OS X 10_15_7) AppleWebKit/537.36 (KHTML, like Gecko) Chrome/101.0.4951.64 Safari/537.36"
::1 - - [24/May/2022:16:16:02 +0000] "GET / HTTP/1.1" 200 8633 "http://localhost:3000/datasets" "Mozilla/5.0 (Macintosh; Intel Mac OS X 10_15_7) AppleWebKit/537.36 (KHTML, like Gecko) Chrome/101.0.4951.64 Safari/537.36"
::1 - - [24/May/2022:16:16:53 +0000] "GET /v_test HTTP/1.1" 200 580 "http://localhost:3000/" "Mozilla/5.0 (Macintosh; Intel Mac OS X 10_15_7) AppleWebKit/537.36 (KHTML, like Gecko) Chrome/101.0.4951.64 Safari/537.36"
::1 - - [24/May/2022:16:17:05 +0000] "GET /v_test HTTP/1.1" 200 580 "http://localhost:3000/" "Mozilla/5.0 (Macintosh; Intel Mac OS X 10_15_7) AppleWebKit/537.36 (KHTML, like Gecko) Chrome/101.0.4951.64 Safari/537.36"
::1 - - [24/May/2022:16:17:08 +0000] "GET /v_test HTTP/1.1" 200 580 "http://localhost:3000/" "Mozilla/5.0 (Macintosh; Intel Mac OS X 10_15_7) AppleWebKit/537.36 (KHTML, like Gecko) Chrome/101.0.4951.64 Safari/537.36"
::1 - - [24/May/2022:16:17:54 +0000] "GET /v_test HTTP/1.1" 200 439 "http://localhost:3000/" "Mozilla/5.0 (Macintosh; Intel Mac OS X 10_15_7) AppleWebKit/537.36 (KHTML, like Gecko) Chrome/101.0.4951.64 Safari/537.36"
::1 - - [24/May/2022:16:17:54 +0000] "GET /vitesscemodule.js HTTP/1.1" 404 9 "http://localhost:3000/v_test" "Mozilla/5.0 (Macintosh; Intel Mac OS X 10_15_7) AppleWebKit/537.36 (KHTML, like Gecko) Chrome/101.0.4951.64 Safari/537.36"
::1 - - [24/May/2022:16:18:01 +0000] "GET /v_test HTTP/1.1" 200 439 "http://localhost:3000/" "Mozilla/5.0 (Macintosh; Intel Mac OS X 10_15_7) AppleWebKit/537.36 (KHTML, like Gecko) Chrome/101.0.4951.64 Safari/537.36"
::1 - - [24/May/2022:16:18:01 +0000] "GET /vitesscemodule.js HTTP/1.1" 404 9 "http://localhost:3000/v_test" "Mozilla/5.0 (Macintosh; Intel Mac OS X 10_15_7) AppleWebKit/537.36 (KHTML, like Gecko) Chrome/101.0.4951.64 Safari/537.36"
::1 - - [24/May/2022:16:18:20 +0000] "GET /v_test HTTP/1.1" 200 439 "http://localhost:3000/" "Mozilla/5.0 (Macintosh; Intel Mac OS X 10_15_7) AppleWebKit/537.36 (KHTML, like Gecko) Chrome/101.0.4951.64 Safari/537.36"
::1 - - [24/May/2022:16:18:20 +0000] "GET /vitesscemodule.js HTTP/1.1" 404 9 "http://localhost:3000/v_test" "Mozilla/5.0 (Macintosh; Intel Mac OS X 10_15_7) AppleWebKit/537.36 (KHTML, like Gecko) Chrome/101.0.4951.64 Safari/537.36"
::1 - - [24/May/2022:16:18:37 +0000] "GET /v_test HTTP/1.1" 200 439 "http://localhost:3000/" "Mozilla/5.0 (Macintosh; Intel Mac OS X 10_15_7) AppleWebKit/537.36 (KHTML, like Gecko) Chrome/101.0.4951.64 Safari/537.36"
::1 - - [24/May/2022:16:18:38 +0000] "GET /vitesscemodule.js HTTP/1.1" 404 9 "http://localhost:3000/v_test" "Mozilla/5.0 (Macintosh; Intel Mac OS X 10_15_7) AppleWebKit/537.36 (KHTML, like Gecko) Chrome/101.0.4951.64 Safari/537.36"
::1 - - [24/May/2022:16:19:24 +0000] "GET /v_test HTTP/1.1" 200 580 "http://localhost:3000/" "Mozilla/5.0 (Macintosh; Intel Mac OS X 10_15_7) AppleWebKit/537.36 (KHTML, like Gecko) Chrome/101.0.4951.64 Safari/537.36"
::1 - - [24/May/2022:16:38:18 +0000] "GET / HTTP/1.1" 200 8633 "-" "Mozilla/5.0 (Macintosh; Intel Mac OS X 10_15_7) AppleWebKit/605.1.15 (KHTML, like Gecko) Version/15.4 Safari/605.1.15"
::1 - - [24/May/2022:16:38:19 +0000] "GET /apple-touch-icon-precomposed.png HTTP/1.1" 404 9 "-" "Safari%E6%B5%8F%E8%A7%88%E5%99%A8/17613.1.17.1.13 CFNetwork/1331.0.7 Darwin/21.4.0"
::1 - - [24/May/2022:16:38:19 +0000] "GET /apple-touch-icon.png HTTP/1.1" 404 9 "-" "Safari%E6%B5%8F%E8%A7%88%E5%99%A8/17613.1.17.1.13 CFNetwork/1331.0.7 Darwin/21.4.0"
::1 - - [24/May/2022:16:38:19 +0000] "GET /favicon.ico HTTP/1.1" 404 9 "http://localhost:3000/" "Mozilla/5.0 (Macintosh; Intel Mac OS X 10_15_7) AppleWebKit/605.1.15 (KHTML, like Gecko) Version/15.4 Safari/605.1.15"
::1 - - [24/May/2022:16:38:24 +0000] "GET / HTTP/1.1" 200 8633 "http://localhost:3000/" "Mozilla/5.0 (Macintosh; Intel Mac OS X 10_15_7) AppleWebKit/605.1.15 (KHTML, like Gecko) Version/15.4 Safari/605.1.15"
::1 - - [24/May/2022:16:38:30 +0000] "GET / HTTP/1.1" 200 8633 "http://localhost:3000/" "Mozilla/5.0 (Macintosh; Intel Mac OS X 10_15_7) AppleWebKit/605.1.15 (KHTML, like Gecko) Version/15.4 Safari/605.1.15"
::1 - - [24/May/2022:16:38:33 +0000] "GET /datasets HTTP/1.1" 200 4589 "http://localhost:3000/" "Mozilla/5.0 (Macintosh; Intel Mac OS X 10_15_7) AppleWebKit/605.1.15 (KHTML, like Gecko) Version/15.4 Safari/605.1.15"
::1 - - [24/May/2022:16:38:36 +0000] "GET / HTTP/1.1" 200 8633 "http://localhost:3000/datasets" "Mozilla/5.0 (Macintosh; Intel Mac OS X 10_15_7) AppleWebKit/605.1.15 (KHTML, like Gecko) Version/15.4 Safari/605.1.15"
::1 - - [24/May/2022:16:38:42 +0000] "GET / HTTP/1.1" 200 8633 "-" "Mozilla/5.0 (Macintosh; Intel Mac OS X 10_15_7) AppleWebKit/537.36 (KHTML, like Gecko) Chrome/101.0.4951.64 Safari/537.36"
::1 - - [24/May/2022:16:38:44 +0000] "GET /favicon.ico HTTP/1.1" 404 9 "http://localhost:3000/" "Mozilla/5.0 (Macintosh; Intel Mac OS X 10_15_7) AppleWebKit/537.36 (KHTML, like Gecko) Chrome/101.0.4951.64 Safari/537.36"
::ffff:127.0.0.1 - - [24/May/2022:16:39:00 +0000] "GET / HTTP/1.1" 200 8633 "-" "Mozilla/5.0 (Macintosh; Intel Mac OS X 10.15; rv:91.0) Gecko/20100101 Firefox/91.0"
::ffff:127.0.0.1 - - [24/May/2022:16:39:18 +0000] "GET / HTTP/1.1" 200 8633 "-" "Mozilla/5.0 (Macintosh; Intel Mac OS X 10.15; rv:91.0) Gecko/20100101 Firefox/91.0"
::ffff:127.0.0.1 - - [24/May/2022:16:39:21 +0000] "GET / HTTP/1.1" 200 8633 "-" "Mozilla/5.0 (Macintosh; Intel Mac OS X 10.15; rv:91.0) Gecko/20100101 Firefox/91.0"
::ffff:127.0.0.1 - - [24/May/2022:16:40:27 +0000] "GET / HTTP/1.1" 200 8633 "-" "Mozilla/5.0 (Macintosh; Intel Mac OS X 10.15; rv:91.0) Gecko/20100101 Firefox/91.0"
::1 - - [24/May/2022:16:40:34 +0000] "GET / HTTP/1.1" 200 8633 "http://localhost:3000/" "Mozilla/5.0 (Macintosh; Intel Mac OS X 10_15_7) AppleWebKit/605.1.15 (KHTML, like Gecko) Version/15.4 Safari/605.1.15"
::1 - - [24/May/2022:16:40:36 +0000] "GET /v_test HTTP/1.1" 200 580 "http://localhost:3000/" "Mozilla/5.0 (Macintosh; Intel Mac OS X 10_15_7) AppleWebKit/605.1.15 (KHTML, like Gecko) Version/15.4 Safari/605.1.15"
::1 - - [24/May/2022:16:41:01 +0000] "GET /annotation HTTP/1.1" 200 4267 "http://localhost:3000/" "Mozilla/5.0 (Macintosh; Intel Mac OS X 10_15_7) AppleWebKit/605.1.15 (KHTML, like Gecko) Version/15.4 Safari/605.1.15"
::1 - - [24/May/2022:16:41:02 +0000] "GET /datasets HTTP/1.1" 200 4589 "http://localhost:3000/annotation" "Mozilla/5.0 (Macintosh; Intel Mac OS X 10_15_7) AppleWebKit/605.1.15 (KHTML, like Gecko) Version/15.4 Safari/605.1.15"
::1 - - [24/May/2022:16:41:04 +0000] "GET /help HTTP/1.1" 200 3633 "http://localhost:3000/datasets" "Mozilla/5.0 (Macintosh; Intel Mac OS X 10_15_7) AppleWebKit/605.1.15 (KHTML, like Gecko) Version/15.4 Safari/605.1.15"
::1 - - [24/May/2022:16:41:05 +0000] "GET / HTTP/1.1" 200 8633 "http://localhost:3000/help" "Mozilla/5.0 (Macintosh; Intel Mac OS X 10_15_7) AppleWebKit/605.1.15 (KHTML, like Gecko) Version/15.4 Safari/605.1.15"
::ffff:127.0.0.1 - - [24/May/2022:16:41:13 +0000] "GET / HTTP/1.1" 200 8633 "-" "Mozilla/5.0 (Macintosh; Intel Mac OS X 10.15; rv:91.0) Gecko/20100101 Firefox/91.0"
::1 - - [24/May/2022:16:42:00 +0000] "GET / HTTP/1.1" 200 8633 "-" "Mozilla/5.0 (Macintosh; Intel Mac OS X 10_15_7) AppleWebKit/537.36 (KHTML, like Gecko) Chrome/101.0.4951.64 Safari/537.36"
::1 - - [24/May/2022:16:42:06 +0000] "GET / HTTP/1.1" 200 8633 "http://localhost:3000/help" "Mozilla/5.0 (Macintosh; Intel Mac OS X 10_15_7) AppleWebKit/605.1.15 (KHTML, like Gecko) Version/15.4 Safari/605.1.15"
::1 - - [24/May/2022:16:44:19 +0000] "GET / HTTP/1.1" 200 8633 "http://localhost:3000/help" "Mozilla/5.0 (Macintosh; Intel Mac OS X 10_15_7) AppleWebKit/605.1.15 (KHTML, like Gecko) Version/15.4 Safari/605.1.15"
::1 - - [24/May/2022:16:44:22 +0000] "GET / HTTP/1.1" 200 8633 "http://localhost:3000/" "Mozilla/5.0 (Macintosh; Intel Mac OS X 10_15_7) AppleWebKit/605.1.15 (KHTML, like Gecko) Version/15.4 Safari/605.1.15"
::1 - - [24/May/2022:16:44:34 +0000] "GET / HTTP/1.1" 200 8633 "http://localhost:3000/" "Mozilla/5.0 (Macintosh; Intel Mac OS X 10_15_7) AppleWebKit/605.1.15 (KHTML, like Gecko) Version/15.4 Safari/605.1.15"
::1 - - [24/May/2022:16:44:34 +0000] "GET / HTTP/1.1" 200 8633 "http://localhost:3000/" "Mozilla/5.0 (Macintosh; Intel Mac OS X 10_15_7) AppleWebKit/605.1.15 (KHTML, like Gecko) Version/15.4 Safari/605.1.15"
::1 - - [24/May/2022:16:44:35 +0000] "GET / HTTP/1.1" 200 8633 "http://localhost:3000/" "Mozilla/5.0 (Macintosh; Intel Mac OS X 10_15_7) AppleWebKit/605.1.15 (KHTML, like Gecko) Version/15.4 Safari/605.1.15"
::1 - - [24/May/2022:16:44:35 +0000] "GET / HTTP/1.1" 200 8633 "http://localhost:3000/" "Mozilla/5.0 (Macintosh; Intel Mac OS X 10_15_7) AppleWebKit/605.1.15 (KHTML, like Gecko) Version/15.4 Safari/605.1.15"
::1 - - [24/May/2022:16:44:39 +0000] "GET / HTTP/1.1" 200 8633 "-" "Mozilla/5.0 (Macintosh; Intel Mac OS X 10_15_7) AppleWebKit/605.1.15 (KHTML, like Gecko) Version/15.4 Safari/605.1.15"
::1 - - [24/May/2022:16:46:43 +0000] "GET / HTTP/1.1" 200 8633 "-" "Mozilla/5.0 (Macintosh; Intel Mac OS X 10_15_7) AppleWebKit/537.36 (KHTML, like Gecko) Chrome/101.0.4951.64 Safari/537.36"
::1 - - [24/May/2022:16:46:49 +0000] "GET / HTTP/1.1" 200 8633 "-" "Mozilla/5.0 (Macintosh; Intel Mac OS X 10_15_7) AppleWebKit/605.1.15 (KHTML, like Gecko) Version/15.4 Safari/605.1.15"
::ffff:127.0.0.1 - - [24/May/2022:16:46:59 +0000] "GET / HTTP/1.1" 200 8633 "-" "Mozilla/5.0 (Macintosh; Intel Mac OS X 10.15; rv:91.0) Gecko/20100101 Firefox/91.0"
::ffff:127.0.0.1 - - [24/May/2022:16:47:48 +0000] "GET / HTTP/1.1" 200 8633 "-" "Mozilla/5.0 (Macintosh; Intel Mac OS X 10.15; rv:91.0) Gecko/20100101 Firefox/91.0"
::1 - - [24/May/2022:16:47:56 +0000] "GET / HTTP/1.1" 200 8633 "-" "Mozilla/5.0 (Macintosh; Intel Mac OS X 10_15_7) AppleWebKit/605.1.15 (KHTML, like Gecko) Version/15.4 Safari/605.1.15"
::1 - - [24/May/2022:16:47:57 +0000] "GET / HTTP/1.1" 200 8633 "http://localhost:3000/" "Mozilla/5.0 (Macintosh; Intel Mac OS X 10_15_7) AppleWebKit/605.1.15 (KHTML, like Gecko) Version/15.4 Safari/605.1.15"
::1 - - [24/May/2022:16:48:36 +0000] "GET / HTTP/1.1" 200 8633 "http://localhost:3000/" "Mozilla/5.0 (Macintosh; Intel Mac OS X 10_15_7) AppleWebKit/605.1.15 (KHTML, like Gecko) Version/15.4 Safari/605.1.15"
::1 - - [24/May/2022:16:48:37 +0000] "GET / HTTP/1.1" 200 8633 "http://localhost:3000/" "Mozilla/5.0 (Macintosh; Intel Mac OS X 10_15_7) AppleWebKit/605.1.15 (KHTML, like Gecko) Version/15.4 Safari/605.1.15"
::1 - - [24/May/2022:16:48:38 +0000] "GET / HTTP/1.1" 200 8633 "http://localhost:3000/" "Mozilla/5.0 (Macintosh; Intel Mac OS X 10_15_7) AppleWebKit/605.1.15 (KHTML, like Gecko) Version/15.4 Safari/605.1.15"
::1 - - [24/May/2022:16:50:11 +0000] "GET / HTTP/1.1" 200 8633 "-" "Mozilla/5.0 (Macintosh; Intel Mac OS X 10_15_7) AppleWebKit/605.1.15 (KHTML, like Gecko) Version/15.4 Safari/605.1.15"
::1 - - [24/May/2022:16:50:16 +0000] "GET / HTTP/1.1" 200 8633 "http://localhost:3000/" "Mozilla/5.0 (Macintosh; Intel Mac OS X 10_15_7) AppleWebKit/605.1.15 (KHTML, like Gecko) Version/15.4 Safari/605.1.15"
::ffff:127.0.0.1 - - [24/May/2022:16:50:33 +0000] "GET /favicon.ico HTTP/1.1" 200 7569 "http://localhost:3000/" "Mozilla/5.0 (Macintosh; Intel Mac OS X 10.15; rv:91.0) Gecko/20100101 Firefox/91.0"
::1 - - [24/May/2022:16:51:00 +0000] "GET / HTTP/1.1" 200 8633 "-" "Mozilla/5.0 (Macintosh; Intel Mac OS X 10_15_7) AppleWebKit/537.36 (KHTML, like Gecko) Chrome/101.0.4951.64 Safari/537.36"
::1 - - [24/May/2022:16:51:02 +0000] "GET /favicon.ico HTTP/1.1" 200 7569 "http://localhost:3000/" "Mozilla/5.0 (Macintosh; Intel Mac OS X 10_15_7) AppleWebKit/537.36 (KHTML, like Gecko) Chrome/101.0.4951.64 Safari/537.36"
::1 - - [24/May/2022:16:51:08 +0000] "GET / HTTP/1.1" 200 8633 "http://localhost:3000/" "Mozilla/5.0 (Macintosh; Intel Mac OS X 10_15_7) AppleWebKit/605.1.15 (KHTML, like Gecko) Version/15.4 Safari/605.1.15"
::1 - - [24/May/2022:16:51:09 +0000] "GET / HTTP/1.1" 200 8633 "http://localhost:3000/" "Mozilla/5.0 (Macintosh; Intel Mac OS X 10_15_7) AppleWebKit/605.1.15 (KHTML, like Gecko) Version/15.4 Safari/605.1.15"
::1 - - [24/May/2022:16:51:11 +0000] "GET / HTTP/1.1" 200 8633 "http://localhost:3000/" "Mozilla/5.0 (Macintosh; Intel Mac OS X 10_15_7) AppleWebKit/605.1.15 (KHTML, like Gecko) Version/15.4 Safari/605.1.15"
::1 - - [24/May/2022:16:53:35 +0000] "GET / HTTP/1.1" 200 8633 "http://localhost:3000/" "Mozilla/5.0 (Macintosh; Intel Mac OS X 10_15_7) AppleWebKit/605.1.15 (KHTML, like Gecko) Version/15.4 Safari/605.1.15"
::1 - - [24/May/2022:16:53:36 +0000] "GET /datasets HTTP/1.1" 200 4589 "http://localhost:3000/" "Mozilla/5.0 (Macintosh; Intel Mac OS X 10_15_7) AppleWebKit/605.1.15 (KHTML, like Gecko) Version/15.4 Safari/605.1.15"
::1 - - [24/May/2022:16:53:37 +0000] "GET /annotation HTTP/1.1" 200 4267 "http://localhost:3000/datasets" "Mozilla/5.0 (Macintosh; Intel Mac OS X 10_15_7) AppleWebKit/605.1.15 (KHTML, like Gecko) Version/15.4 Safari/605.1.15"
::1 - - [24/May/2022:16:53:38 +0000] "GET / HTTP/1.1" 200 8633 "http://localhost:3000/annotation" "Mozilla/5.0 (Macintosh; Intel Mac OS X 10_15_7) AppleWebKit/605.1.15 (KHTML, like Gecko) Version/15.4 Safari/605.1.15"
::1 - - [24/May/2022:16:53:40 +0000] "GET / HTTP/1.1" 200 8633 "http://localhost:3000/" "Mozilla/5.0 (Macintosh; Intel Mac OS X 10_15_7) AppleWebKit/605.1.15 (KHTML, like Gecko) Version/15.4 Safari/605.1.15"
::1 - - [24/May/2022:16:53:41 +0000] "GET / HTTP/1.1" 200 8633 "http://localhost:3000/" "Mozilla/5.0 (Macintosh; Intel Mac OS X 10_15_7) AppleWebKit/605.1.15 (KHTML, like Gecko) Version/15.4 Safari/605.1.15"
::ffff:127.0.0.1 - - [24/May/2022:17:00:55 +0000] "GET /datasets HTTP/1.1" 200 4589 "http://localhost:3000/" "Mozilla/5.0 (Macintosh; Intel Mac OS X 10.15; rv:91.0) Gecko/20100101 Firefox/91.0"
::1 - - [24/May/2022:17:01:14 +0000] "GET /datasets HTTP/1.1" 200 4589 "http://localhost:3000/" "Mozilla/5.0 (Macintosh; Intel Mac OS X 10_15_7) AppleWebKit/537.36 (KHTML, like Gecko) Chrome/101.0.4951.64 Safari/537.36"
::1 - - [24/May/2022:17:01:15 +0000] "GET /annotation HTTP/1.1" 200 4267 "http://localhost:3000/datasets" "Mozilla/5.0 (Macintosh; Intel Mac OS X 10_15_7) AppleWebKit/537.36 (KHTML, like Gecko) Chrome/101.0.4951.64 Safari/537.36"
::1 - - [24/May/2022:17:01:17 +0000] "GET /datasets HTTP/1.1" 200 4589 "http://localhost:3000/annotation" "Mozilla/5.0 (Macintosh; Intel Mac OS X 10_15_7) AppleWebKit/537.36 (KHTML, like Gecko) Chrome/101.0.4951.64 Safari/537.36"
::1 - - [24/May/2022:17:01:18 +0000] "GET / HTTP/1.1" 200 8633 "http://localhost:3000/datasets" "Mozilla/5.0 (Macintosh; Intel Mac OS X 10_15_7) AppleWebKit/537.36 (KHTML, like Gecko) Chrome/101.0.4951.64 Safari/537.36"
::1 - - [24/May/2022:17:01:20 +0000] "GET /v_test HTTP/1.1" 200 580 "http://localhost:3000/" "Mozilla/5.0 (Macintosh; Intel Mac OS X 10_15_7) AppleWebKit/537.36 (KHTML, like Gecko) Chrome/101.0.4951.64 Safari/537.36"
::1 - - [24/May/2022:17:01:29 +0000] "GET / HTTP/1.1" 200 8633 "-" "Mozilla/5.0 (Macintosh; Intel Mac OS X 10_15_7) AppleWebKit/605.1.15 (KHTML, like Gecko) Version/15.4 Safari/605.1.15"
::ffff:127.0.0.1 - - [24/May/2022:17:03:43 +0000] "GET / HTTP/1.1" 200 8633 "-" "Mozilla/5.0 (Macintosh; Intel Mac OS X 10.15; rv:91.0) Gecko/20100101 Firefox/91.0"
::1 - - [25/May/2022:08:50:34 +0000] "GET / HTTP/1.1" 200 8633 "-" "Mozilla/5.0 (Macintosh; Intel Mac OS X 10_15_7) AppleWebKit/537.36 (KHTML, like Gecko) Chrome/101.0.4951.64 Safari/537.36"
::1 - - [25/May/2022:08:50:36 +0000] "GET / HTTP/1.1" 200 8633 "-" "Mozilla/5.0 (Macintosh; Intel Mac OS X 10_15_7) AppleWebKit/537.36 (KHTML, like Gecko) Chrome/101.0.4951.64 Safari/537.36"
::1 - - [25/May/2022:08:50:37 +0000] "GET /favicon.ico HTTP/1.1" 200 7569 "http://localhost:3001/" "Mozilla/5.0 (Macintosh; Intel Mac OS X 10_15_7) AppleWebKit/537.36 (KHTML, like Gecko) Chrome/101.0.4951.64 Safari/537.36"
::1 - - [25/May/2022:08:50:37 +0000] "GET / HTTP/1.1" 200 8633 "-" "Mozilla/5.0 (Macintosh; Intel Mac OS X 10_15_7) AppleWebKit/537.36 (KHTML, like Gecko) Chrome/101.0.4951.64 Safari/537.36"
::1 - - [25/May/2022:12:59:50 +0000] "GET / HTTP/1.1" 200 8633 "-" "Mozilla/5.0 (Macintosh; Intel Mac OS X 10_15_7) AppleWebKit/605.1.15 (KHTML, like Gecko) Version/15.4 Safari/605.1.15"
::1 - - [25/May/2022:12:59:50 +0000] "GET /favicon.ico HTTP/1.1" 200 7569 "http://localhost:3001/" "Mozilla/5.0 (Macintosh; Intel Mac OS X 10_15_7) AppleWebKit/605.1.15 (KHTML, like Gecko) Version/15.4 Safari/605.1.15"
::1 - - [25/May/2022:13:00:00 +0000] "GET / HTTP/1.1" 200 8633 "http://localhost:3001/" "Mozilla/5.0 (Macintosh; Intel Mac OS X 10_15_7) AppleWebKit/605.1.15 (KHTML, like Gecko) Version/15.4 Safari/605.1.15"
::1 - - [25/May/2022:13:00:02 +0000] "GET /annotation HTTP/1.1" 200 4267 "http://localhost:3001/" "Mozilla/5.0 (Macintosh; Intel Mac OS X 10_15_7) AppleWebKit/605.1.15 (KHTML, like Gecko) Version/15.4 Safari/605.1.15"
::1 - - [25/May/2022:13:00:03 +0000] "GET /datasets HTTP/1.1" 200 4589 "http://localhost:3001/annotation" "Mozilla/5.0 (Macintosh; Intel Mac OS X 10_15_7) AppleWebKit/605.1.15 (KHTML, like Gecko) Version/15.4 Safari/605.1.15"
::1 - - [25/May/2022:13:00:04 +0000] "GET / HTTP/1.1" 200 8633 "http://localhost:3001/datasets" "Mozilla/5.0 (Macintosh; Intel Mac OS X 10_15_7) AppleWebKit/605.1.15 (KHTML, like Gecko) Version/15.4 Safari/605.1.15"
::1 - - [25/May/2022:16:31:07 +0000] "GET / HTTP/1.1" 200 8633 "-" "Mozilla/5.0 (Macintosh; Intel Mac OS X 10_15_7) AppleWebKit/605.1.15 (KHTML, like Gecko) Version/15.4 Safari/605.1.15"
::1 - - [25/May/2022:16:31:12 +0000] "GET / HTTP/1.1" 200 8633 "-" "Mozilla/5.0 (Macintosh; Intel Mac OS X 10_15_7) AppleWebKit/605.1.15 (KHTML, like Gecko) Version/15.4 Safari/605.1.15"
::1 - - [25/May/2022:16:31:14 +0000] "GET /11 HTTP/1.1" 404 9 "-" "Mozilla/5.0 (Macintosh; Intel Mac OS X 10_15_7) AppleWebKit/605.1.15 (KHTML, like Gecko) Version/15.4 Safari/605.1.15"
::1 - - [26/May/2022:09:51:43 +0000] "GET / HTTP/1.1" 200 8633 "-" "Mozilla/5.0 (Macintosh; Intel Mac OS X 10_15_7) AppleWebKit/605.1.15 (KHTML, like Gecko) Version/15.4 Safari/605.1.15"
::1 - - [26/May/2022:09:51:46 +0000] "GET /datasets HTTP/1.1" 200 4589 "http://localhost:3001/" "Mozilla/5.0 (Macintosh; Intel Mac OS X 10_15_7) AppleWebKit/605.1.15 (KHTML, like Gecko) Version/15.4 Safari/605.1.15"
::1 - - [26/May/2022:09:51:46 +0000] "GET /annotation HTTP/1.1" 200 4267 "http://localhost:3001/datasets" "Mozilla/5.0 (Macintosh; Intel Mac OS X 10_15_7) AppleWebKit/605.1.15 (KHTML, like Gecko) Version/15.4 Safari/605.1.15"
::1 - - [26/May/2022:09:51:47 +0000] "GET /help HTTP/1.1" 200 3633 "http://localhost:3001/annotation" "Mozilla/5.0 (Macintosh; Intel Mac OS X 10_15_7) AppleWebKit/605.1.15 (KHTML, like Gecko) Version/15.4 Safari/605.1.15"
::1 - - [26/May/2022:09:51:48 +0000] "GET /contact HTTP/1.1" 200 5510 "http://localhost:3001/help" "Mozilla/5.0 (Macintosh; Intel Mac OS X 10_15_7) AppleWebKit/605.1.15 (KHTML, like Gecko) Version/15.4 Safari/605.1.15"
::1 - - [26/May/2022:09:51:49 +0000] "GET /datasets HTTP/1.1" 200 4589 "http://localhost:3001/contact" "Mozilla/5.0 (Macintosh; Intel Mac OS X 10_15_7) AppleWebKit/605.1.15 (KHTML, like Gecko) Version/15.4 Safari/605.1.15"
::1 - - [26/May/2022:09:51:50 +0000] "GET / HTTP/1.1" 200 8633 "http://localhost:3001/datasets" "Mozilla/5.0 (Macintosh; Intel Mac OS X 10_15_7) AppleWebKit/605.1.15 (KHTML, like Gecko) Version/15.4 Safari/605.1.15"
::1 - - [26/May/2022:12:29:44 +0000] "GET / HTTP/1.1" 200 8580 "-" "Mozilla/5.0 (Macintosh; Intel Mac OS X 10_15_7) AppleWebKit/605.1.15 (KHTML, like Gecko) Version/15.4 Safari/605.1.15"
::1 - - [26/May/2022:12:29:46 +0000] "GET /annotation HTTP/1.1" 200 4214 "http://localhost:3001/" "Mozilla/5.0 (Macintosh; Intel Mac OS X 10_15_7) AppleWebKit/605.1.15 (KHTML, like Gecko) Version/15.4 Safari/605.1.15"
::1 - - [26/May/2022:12:29:48 +0000] "GET /help HTTP/1.1" 200 3580 "http://localhost:3001/annotation" "Mozilla/5.0 (Macintosh; Intel Mac OS X 10_15_7) AppleWebKit/605.1.15 (KHTML, like Gecko) Version/15.4 Safari/605.1.15"
::1 - - [26/May/2022:12:29:49 +0000] "GET /annotation HTTP/1.1" 200 4214 "http://localhost:3001/help" "Mozilla/5.0 (Macintosh; Intel Mac OS X 10_15_7) AppleWebKit/605.1.15 (KHTML, like Gecko) Version/15.4 Safari/605.1.15"
::1 - - [26/May/2022:12:29:50 +0000] "GET /datasets HTTP/1.1" 200 4536 "http://localhost:3001/annotation" "Mozilla/5.0 (Macintosh; Intel Mac OS X 10_15_7) AppleWebKit/605.1.15 (KHTML, like Gecko) Version/15.4 Safari/605.1.15"
::1 - - [26/May/2022:12:29:51 +0000] "GET /contact HTTP/1.1" 200 5457 "http://localhost:3001/datasets" "Mozilla/5.0 (Macintosh; Intel Mac OS X 10_15_7) AppleWebKit/605.1.15 (KHTML, like Gecko) Version/15.4 Safari/605.1.15"
::1 - - [26/May/2022:12:30:07 +0000] "GET /contact HTTP/1.1" 200 5510 "http://localhost:3001/datasets" "Mozilla/5.0 (Macintosh; Intel Mac OS X 10_15_7) AppleWebKit/605.1.15 (KHTML, like Gecko) Version/15.4 Safari/605.1.15"
::1 - - [27/May/2022:13:14:54 +0000] "GET / HTTP/1.1" 200 8606 "-" "Mozilla/5.0 (Macintosh; Intel Mac OS X 10_15_7) AppleWebKit/605.1.15 (KHTML, like Gecko) Version/15.4 Safari/605.1.15"
::1 - - [27/May/2022:13:14:57 +0000] "GET /datasets HTTP/1.1" 200 4562 "http://localhost:3001/" "Mozilla/5.0 (Macintosh; Intel Mac OS X 10_15_7) AppleWebKit/605.1.15 (KHTML, like Gecko) Version/15.4 Safari/605.1.15"
::1 - - [27/May/2022:13:14:58 +0000] "GET /annotation HTTP/1.1" 200 4240 "http://localhost:3001/datasets" "Mozilla/5.0 (Macintosh; Intel Mac OS X 10_15_7) AppleWebKit/605.1.15 (KHTML, like Gecko) Version/15.4 Safari/605.1.15"
::1 - - [27/May/2022:13:14:59 +0000] "GET / HTTP/1.1" 200 8606 "http://localhost:3001/annotation" "Mozilla/5.0 (Macintosh; Intel Mac OS X 10_15_7) AppleWebKit/605.1.15 (KHTML, like Gecko) Version/15.4 Safari/605.1.15"
::1 - - [27/May/2022:13:15:01 +0000] "GET / HTTP/1.1" 200 8606 "http://localhost:3001/" "Mozilla/5.0 (Macintosh; Intel Mac OS X 10_15_7) AppleWebKit/605.1.15 (KHTML, like Gecko) Version/15.4 Safari/605.1.15"
::1 - - [27/May/2022:13:15:02 +0000] "GET /datasets HTTP/1.1" 200 4562 "http://localhost:3001/" "Mozilla/5.0 (Macintosh; Intel Mac OS X 10_15_7) AppleWebKit/605.1.15 (KHTML, like Gecko) Version/15.4 Safari/605.1.15"
::1 - - [27/May/2022:13:15:15 +0000] "GET /datasets HTTP/1.1" 200 4589 "http://localhost:3001/" "Mozilla/5.0 (Macintosh; Intel Mac OS X 10_15_7) AppleWebKit/605.1.15 (KHTML, like Gecko) Version/15.4 Safari/605.1.15"
::1 - - [27/May/2022:13:15:16 +0000] "GET / HTTP/1.1" 200 8633 "http://localhost:3001/datasets" "Mozilla/5.0 (Macintosh; Intel Mac OS X 10_15_7) AppleWebKit/605.1.15 (KHTML, like Gecko) Version/15.4 Safari/605.1.15"
::1 - - [27/May/2022:13:46:53 +0000] "GET / HTTP/1.1" 200 8483 "-" "Mozilla/5.0 (Macintosh; Intel Mac OS X 10_15_7) AppleWebKit/605.1.15 (KHTML, like Gecko) Version/15.4 Safari/605.1.15"
::1 - - [27/May/2022:14:08:05 +0000] "GET / HTTP/1.1" 200 8483 "-" "Mozilla/5.0 (Macintosh; Intel Mac OS X 10_15_7) AppleWebKit/605.1.15 (KHTML, like Gecko) Version/15.4 Safari/605.1.15"
::1 - - [28/May/2022:07:43:24 +0000] "GET / HTTP/1.1" 200 8490 "-" "Mozilla/5.0 (Macintosh; Intel Mac OS X 10_15_7) AppleWebKit/537.36 (KHTML, like Gecko) Chrome/102.0.5005.61 Safari/537.36"
::1 - - [28/May/2022:07:43:27 +0000] "GET /help HTTP/1.1" 200 3490 "http://localhost:3001/" "Mozilla/5.0 (Macintosh; Intel Mac OS X 10_15_7) AppleWebKit/537.36 (KHTML, like Gecko) Chrome/102.0.5005.61 Safari/537.36"
::1 - - [28/May/2022:07:43:28 +0000] "GET /datasets HTTP/1.1" 200 4446 "http://localhost:3001/help" "Mozilla/5.0 (Macintosh; Intel Mac OS X 10_15_7) AppleWebKit/537.36 (KHTML, like Gecko) Chrome/102.0.5005.61 Safari/537.36"
::1 - - [28/May/2022:07:43:55 +0000] "GET /datasets HTTP/1.1" 200 4446 "http://localhost:3001/help" "Mozilla/5.0 (Macintosh; Intel Mac OS X 10_15_7) AppleWebKit/537.36 (KHTML, like Gecko) Chrome/102.0.5005.61 Safari/537.36"
::1 - - [28/May/2022:07:43:55 +0000] "GET /favicon.ico HTTP/1.1" 200 7569 "http://localhost:3001/datasets" "Mozilla/5.0 (Macintosh; Intel Mac OS X 10_15_7) AppleWebKit/537.36 (KHTML, like Gecko) Chrome/102.0.5005.61 Safari/537.36"
::1 - - [28/May/2022:07:44:04 +0000] "GET /datasets HTTP/1.1" 200 4439 "http://localhost:3001/help" "Mozilla/5.0 (Macintosh; Intel Mac OS X 10_15_7) AppleWebKit/537.36 (KHTML, like Gecko) Chrome/102.0.5005.61 Safari/537.36"
::1 - - [30/May/2022:02:02:09 +0000] "GET / HTTP/1.1" 200 8483 "-" "Mozilla/5.0 (Macintosh; Intel Mac OS X 10_15_7) AppleWebKit/537.36 (KHTML, like Gecko) Chrome/102.0.5005.61 Safari/537.36"
