::1 - - [16/May/2022:15:33:40 +0000] "POST /annotation/upload HTTP/1.1" 200 5186
::1 - - [16/May/2022:15:36:34 +0000] "POST /annotation/upload HTTP/1.1" 200 5186 "http://localhost:3000/annotation" "Mozilla/5.0 (Macintosh; Intel Mac OS X 10_15_7) AppleWebKit/537.36 (KHTML, like Gecko) Chrome/101.0.4951.64 Safari/537.36"
::1 - - [16/May/2022:15:37:35 +0000] "POST /annotation/upload HTTP/1.1" 200 5186 "http://localhost:3000/annotation" "Mozilla/5.0 (Macintosh; Intel Mac OS X 10_15_7) AppleWebKit/537.36 (KHTML, like Gecko) Chrome/101.0.4951.64 Safari/537.36"
::1 - - [16/May/2022:15:38:29 +0000] "POST /annotation/upload HTTP/1.1" 200 5186 "http://localhost:3000/annotation" "Mozilla/5.0 (Macintosh; Intel Mac OS X 10_15_7) AppleWebKit/537.36 (KHTML, like Gecko) Chrome/101.0.4951.64 Safari/537.36"
::1 - - [16/May/2022:15:49:03 +0000] "POST /annotation/upload HTTP/1.1" 200 5186 "http://localhost:3000/annotation" "Mozilla/5.0 (Macintosh; Intel Mac OS X 10_15_7) AppleWebKit/537.36 (KHTML, like Gecko) Chrome/101.0.4951.64 Safari/537.36"
::1 - - [18/May/2022:08:17:17 +0000] "POST /annotation/upload HTTP/1.1" 200 5188 "http://localhost:3000/annotation" "Mozilla/5.0 (Macintosh; Intel Mac OS X 10_15_7) AppleWebKit/537.36 (KHTML, like Gecko) Chrome/101.0.4951.64 Safari/537.36"
::1 - - [18/May/2022:08:25:41 +0000] "POST /annotation/upload HTTP/1.1" 200 5184 "http://localhost:3000/annotation" "Mozilla/5.0 (Macintosh; Intel Mac OS X 10_15_7) AppleWebKit/537.36 (KHTML, like Gecko) Chrome/101.0.4951.64 Safari/537.36"
::1 - - [18/May/2022:08:27:38 +0000] "POST /annotation/upload HTTP/1.1" 200 5179 "http://localhost:3000/annotation" "Mozilla/5.0 (Macintosh; Intel Mac OS X 10_15_7) AppleWebKit/537.36 (KHTML, like Gecko) Chrome/101.0.4951.64 Safari/537.36"
::1 - - [18/May/2022:08:28:40 +0000] "POST /annotation/upload HTTP/1.1" 200 5226 "http://localhost:3000/annotation" "Mozilla/5.0 (Macintosh; Intel Mac OS X 10_15_7) AppleWebKit/537.36 (KHTML, like Gecko) Chrome/101.0.4951.64 Safari/537.36"
::1 - - [18/May/2022:08:30:10 +0000] "POST /annotation/upload HTTP/1.1" 200 5203 "http://localhost:3000/annotation" "Mozilla/5.0 (Macintosh; Intel Mac OS X 10_15_7) AppleWebKit/537.36 (KHTML, like Gecko) Chrome/101.0.4951.64 Safari/537.36"
::1 - - [18/May/2022:08:30:37 +0000] "POST /annotation/upload HTTP/1.1" 200 5203 "http://localhost:3000/annotation" "Mozilla/5.0 (Macintosh; Intel Mac OS X 10_15_7) AppleWebKit/537.36 (KHTML, like Gecko) Chrome/101.0.4951.64 Safari/537.36"
::1 - - [18/May/2022:08:30:45 +0000] "POST /annotation/upload HTTP/1.1" 200 5203 "http://localhost:3000/annotation" "Mozilla/5.0 (Macintosh; Intel Mac OS X 10_15_7) AppleWebKit/537.36 (KHTML, like Gecko) Chrome/101.0.4951.64 Safari/537.36"
::1 - - [18/May/2022:08:30:56 +0000] "POST /annotation/upload HTTP/1.1" 200 5203 "http://localhost:3000/annotation" "Mozilla/5.0 (Macintosh; Intel Mac OS X 10_15_7) AppleWebKit/537.36 (KHTML, like Gecko) Chrome/101.0.4951.64 Safari/537.36"
::1 - - [18/May/2022:08:31:29 +0000] "POST /annotation/upload HTTP/1.1" 200 5203 "http://localhost:3000/annotation" "Mozilla/5.0 (Macintosh; Intel Mac OS X 10_15_7) AppleWebKit/537.36 (KHTML, like Gecko) Chrome/101.0.4951.64 Safari/537.36"
::1 - - [18/May/2022:08:31:49 +0000] "POST /annotation/upload HTTP/1.1" 200 5229 "http://localhost:3000/annotation" "Mozilla/5.0 (Macintosh; Intel Mac OS X 10_15_7) AppleWebKit/537.36 (KHTML, like Gecko) Chrome/101.0.4951.64 Safari/537.36"
::1 - - [18/May/2022:09:09:02 +0000] "POST /annotation/upload HTTP/1.1" 200 5229 "http://localhost:3000/annotation" "Mozilla/5.0 (Macintosh; Intel Mac OS X 10_15_7) AppleWebKit/537.36 (KHTML, like Gecko) Chrome/101.0.4951.64 Safari/537.36"
::1 - - [18/May/2022:09:09:19 +0000] "POST /annotation/upload HTTP/1.1" 200 5227 "http://localhost:3000/annotation" "Mozilla/5.0 (Macintosh; Intel Mac OS X 10_15_7) AppleWebKit/537.36 (KHTML, like Gecko) Chrome/101.0.4951.64 Safari/537.36"
::1 - - [18/May/2022:09:09:45 +0000] "POST /annotation/upload HTTP/1.1" 500 21 "http://localhost:3000/annotation" "Mozilla/5.0 (Macintosh; Intel Mac OS X 10_15_7) AppleWebKit/537.36 (KHTML, like Gecko) Chrome/101.0.4951.64 Safari/537.36"
::1 - - [18/May/2022:09:10:50 +0000] "POST /annotation/upload HTTP/1.1" 500 21 "http://localhost:3000/annotation" "Mozilla/5.0 (Macintosh; Intel Mac OS X 10_15_7) AppleWebKit/537.36 (KHTML, like Gecko) Chrome/101.0.4951.64 Safari/537.36"
::1 - - [18/May/2022:09:33:07 +0000] "POST /annotation/upload HTTP/1.1" 500 21 "http://localhost:3000/annotation" "Mozilla/5.0 (Macintosh; Intel Mac OS X 10_15_7) AppleWebKit/537.36 (KHTML, like Gecko) Chrome/101.0.4951.64 Safari/537.36"
::1 - - [18/May/2022:09:35:34 +0000] "POST /annotation/upload HTTP/1.1" 200 5227 "http://localhost:3000/annotation" "Mozilla/5.0 (Macintosh; Intel Mac OS X 10_15_7) AppleWebKit/537.36 (KHTML, like Gecko) Chrome/101.0.4951.64 Safari/537.36"
::1 - - [18/May/2022:09:36:50 +0000] "POST /annotation/upload HTTP/1.1" 200 5227 "http://localhost:3000/annotation" "Mozilla/5.0 (Macintosh; Intel Mac OS X 10_15_7) AppleWebKit/537.36 (KHTML, like Gecko) Chrome/101.0.4951.64 Safari/537.36"
::1 - - [18/May/2022:09:39:02 +0000] "POST /annotation/upload HTTP/1.1" 200 5227 "http://localhost:3000/annotation" "Mozilla/5.0 (Macintosh; Intel Mac OS X 10_15_7) AppleWebKit/537.36 (KHTML, like Gecko) Chrome/101.0.4951.64 Safari/537.36"
::1 - - [18/May/2022:09:40:25 +0000] "POST /annotation/upload HTTP/1.1" 200 5227 "http://localhost:3000/annotation" "Mozilla/5.0 (Macintosh; Intel Mac OS X 10_15_7) AppleWebKit/537.36 (KHTML, like Gecko) Chrome/101.0.4951.64 Safari/537.36"
::1 - - [18/May/2022:09:40:43 +0000] "POST /annotation/upload HTTP/1.1" 200 5227 "http://localhost:3000/annotation" "Mozilla/5.0 (Macintosh; Intel Mac OS X 10_15_7) AppleWebKit/537.36 (KHTML, like Gecko) Chrome/101.0.4951.64 Safari/537.36"
::1 - - [18/May/2022:09:41:52 +0000] "POST /annotation/upload HTTP/1.1" 200 5227 "http://localhost:3000/annotation" "Mozilla/5.0 (Macintosh; Intel Mac OS X 10_15_7) AppleWebKit/537.36 (KHTML, like Gecko) Chrome/101.0.4951.64 Safari/537.36"
::1 - - [18/May/2022:10:07:33 +0000] "POST /annotation/upload HTTP/1.1" 200 5227 "http://localhost:3000/annotation" "Mozilla/5.0 (Macintosh; Intel Mac OS X 10_15_7) AppleWebKit/537.36 (KHTML, like Gecko) Chrome/101.0.4951.64 Safari/537.36"
::1 - - [18/May/2022:11:08:26 +0000] "POST /annotation/upload HTTP/1.1" 200 5227 "http://localhost:3000/annotation" "Mozilla/5.0 (Macintosh; Intel Mac OS X 10_15_7) AppleWebKit/537.36 (KHTML, like Gecko) Chrome/101.0.4951.64 Safari/537.36"
::1 - - [19/May/2022:03:51:39 +0000] "POST /annotation/upload HTTP/1.1" 200 5227 "http://localhost:3000/annotation" "Mozilla/5.0 (Macintosh; Intel Mac OS X 10_15_7) AppleWebKit/537.36 (KHTML, like Gecko) Chrome/101.0.4951.64 Safari/537.36"
::1 - - [19/May/2022:08:07:10 +0000] "POST /annotation/upload HTTP/1.1" 500 21 "http://localhost:3000/annotation" "Mozilla/5.0 (Macintosh; Intel Mac OS X 10_15_7) AppleWebKit/537.36 (KHTML, like Gecko) Chrome/101.0.4951.64 Safari/537.36"
::1 - - [19/May/2022:08:07:34 +0000] "POST /annotation/upload HTTP/1.1" 200 5230 "http://localhost:3000/annotation" "Mozilla/5.0 (Macintosh; Intel Mac OS X 10_15_7) AppleWebKit/537.36 (KHTML, like Gecko) Chrome/101.0.4951.64 Safari/537.36"
::1 - - [19/May/2022:08:08:33 +0000] "POST /annotation/upload HTTP/1.1" 200 5230 "http://localhost:3000/annotation" "Mozilla/5.0 (Macintosh; Intel Mac OS X 10_15_7) AppleWebKit/537.36 (KHTML, like Gecko) Chrome/101.0.4951.64 Safari/537.36"
::1 - - [19/May/2022:08:09:13 +0000] "POST /annotation/upload HTTP/1.1" 200 5230 "http://localhost:3000/annotation" "Mozilla/5.0 (Macintosh; Intel Mac OS X 10_15_7) AppleWebKit/537.36 (KHTML, like Gecko) Chrome/101.0.4951.64 Safari/537.36"
::1 - - [19/May/2022:12:16:58 +0000] "POST /annotation/upload HTTP/1.1" 200 5228 "http://localhost:3000/annotation" "Mozilla/5.0 (Macintosh; Intel Mac OS X 10_15_7) AppleWebKit/537.36 (KHTML, like Gecko) Chrome/101.0.4951.64 Safari/537.36"
::1 - - [19/May/2022:12:17:55 +0000] "POST /annotation/upload HTTP/1.1" 200 5228 "http://localhost:3000/annotation" "Mozilla/5.0 (Macintosh; Intel Mac OS X 10_15_7) AppleWebKit/537.36 (KHTML, like Gecko) Chrome/101.0.4951.64 Safari/537.36"
::1 - - [19/May/2022:12:21:05 +0000] "POST /annotation/upload HTTP/1.1" 200 5228 "http://localhost:3000/annotation" "Mozilla/5.0 (Macintosh; Intel Mac OS X 10_15_7) AppleWebKit/537.36 (KHTML, like Gecko) Chrome/101.0.4951.64 Safari/537.36"
::ffff:162.105.218.12 - - [03/Jun/2022:03:20:31 +0000] "POST /annotation/wait-page HTTP/1.1" 404 - "http://10.1.126.59:3000/annotation" "Mozilla/5.0 (Windows NT 10.0; Win64; x64; rv:101.0) Gecko/20100101 Firefox/101.0"
::ffff:162.105.218.12 - - [03/Jun/2022:03:20:37 +0000] "POST /annotation/wait-page HTTP/1.1" 404 - "http://10.1.126.59:3000/annotation" "Mozilla/5.0 (Windows NT 10.0; Win64; x64; rv:101.0) Gecko/20100101 Firefox/101.0"
::1 - - [03/Jun/2022:07:06:08 +0000] "POST /annotation/upload HTTP/1.1" 404 - "http://localhost:3000/annotation" "Mozilla/5.0 (Macintosh; Intel Mac OS X 10_15_7) AppleWebKit/537.36 (KHTML, like Gecko) Chrome/102.0.5005.61 Safari/537.36"
::1 - - [03/Jun/2022:07:19:54 +0000] "POST /annotation/upload HTTP/1.1" 404 - "http://localhost:3000/annotation" "Mozilla/5.0 (Macintosh; Intel Mac OS X 10_15_7) AppleWebKit/537.36 (KHTML, like Gecko) Chrome/102.0.5005.61 Safari/537.36"
::1 - - [03/Jun/2022:07:25:04 +0000] "POST /annotation/upload HTTP/1.1" 404 - "http://localhost:3000/annotation" "Mozilla/5.0 (Macintosh; Intel Mac OS X 10_15_7) AppleWebKit/537.36 (KHTML, like Gecko) Chrome/102.0.5005.61 Safari/537.36"
::1 - - [03/Jun/2022:07:25:58 +0000] "POST /annotation/upload HTTP/1.1" 404 - "http://localhost:3000/annotation" "Mozilla/5.0 (Macintosh; Intel Mac OS X 10_15_7) AppleWebKit/537.36 (KHTML, like Gecko) Chrome/102.0.5005.61 Safari/537.36"
::1 - - [03/Jun/2022:07:29:54 +0000] "POST /annotation/upload HTTP/1.1" 404 - "http://localhost:3000/annotation" "Mozilla/5.0 (Macintosh; Intel Mac OS X 10_15_7) AppleWebKit/537.36 (KHTML, like Gecko) Chrome/102.0.5005.61 Safari/537.36"
::1 - - [03/Jun/2022:07:34:35 +0000] "POST /annotation/upload HTTP/1.1" 404 - "http://localhost:3000/annotation" "Mozilla/5.0 (Macintosh; Intel Mac OS X 10_15_7) AppleWebKit/605.1.15 (KHTML, like Gecko) Version/15.4 Safari/605.1.15"
::1 - - [03/Jun/2022:09:30:38 +0000] "POST /annotation/upload HTTP/1.1" 404 - "http://localhost:3000/annotation" "Mozilla/5.0 (Macintosh; Intel Mac OS X 10_15_7) AppleWebKit/537.36 (KHTML, like Gecko) Chrome/102.0.5005.61 Safari/537.36"
::1 - - [03/Jun/2022:09:31:34 +0000] "POST /annotation/upload HTTP/1.1" 404 - "http://localhost:3000/annotation" "Mozilla/5.0 (Macintosh; Intel Mac OS X 10_15_7) AppleWebKit/537.36 (KHTML, like Gecko) Chrome/102.0.5005.61 Safari/537.36"
::1 - - [07/Jun/2022:09:37:58 +0000] "POST /annotations/upload HTTP/1.1" 404 - "http://localhost:3000/annotation" "Mozilla/5.0 (Macintosh; Intel Mac OS X 10_15_7) AppleWebKit/537.36 (KHTML, like Gecko) Chrome/102.0.5005.61 Safari/537.36"
